[2025-11-27 08:09:03,019: INFO: main: Welcome to mu custom log]
[2025-11-27 08:09:31,744: INFO: main: Welcome to my custom log]
[2025-11-28 09:35:06,814: INFO: common: YAML file config\config.yaml loaded successfully]
[2025-11-28 09:35:06,816: INFO: common: YAML file params.yaml loaded successfully]
[2025-11-28 09:35:22,018: INFO: common: YAML file config\config.yaml loaded successfully]
[2025-11-28 09:35:22,019: INFO: common: YAML file params.yaml loaded successfully]
[2025-11-28 12:29:33,533: INFO: common: YAML file config\config.yaml loaded successfully]
[2025-11-28 12:29:33,533: INFO: common: YAML file params.yaml loaded successfully]
[2025-11-28 13:38:45,509: INFO: main: Welcome to my custom log]
[2025-11-28 14:19:01,905: INFO: common: YAML file config\config.yaml loaded successfully]
[2025-11-28 14:19:01,909: INFO: common: YAML file params.yaml loaded successfully]
[2025-11-28 14:19:01,909: INFO: common: created directory at: artifacts]
[2025-11-28 14:19:01,913: INFO: common: created directory at: artifacts/data_ingestion]
[2025-11-28 14:20:03,526: INFO: 4037744573: artifacts/data_ingestion/data.zip download! with following info: 
Connection: close
Content-Length: 11616915
Cache-Control: max-age=300
Content-Security-Policy: default-src 'none'; style-src 'unsafe-inline'; sandbox
Content-Type: application/zip
ETag: "adf745abc03891fe493c3be264ec012691fe3fa21d861f35a27edbe6d86a76b1"
Strict-Transport-Security: max-age=31536000
X-Content-Type-Options: nosniff
X-Frame-Options: deny
X-XSS-Protection: 1; mode=block
X-GitHub-Request-Id: 8111:45EF0:1BFE0E:2D0E49:69296200
Accept-Ranges: bytes
Date: Fri, 28 Nov 2025 08:49:06 GMT
Via: 1.1 varnish
X-Served-By: cache-del21732-DEL
X-Cache: MISS
X-Cache-Hits: 0
X-Timer: S1764319745.397201,VS0,VE920
Vary: Authorization,Accept-Encoding
Access-Control-Allow-Origin: *
Cross-Origin-Resource-Policy: cross-origin
X-Fastly-Request-ID: 2ebbaa4ce897473a9b1d52eee0f8719433c1d170
Expires: Fri, 28 Nov 2025 08:54:06 GMT
Source-Age: 1

]
[2025-12-04 15:40:07,345: INFO: main: >>>>>> Data Ingestion Stage started <<<<<<]
[2025-12-04 15:40:07,358: INFO: common: YAML file config\config.yaml loaded successfully]
[2025-12-04 15:40:07,369: INFO: common: YAML file params.yaml loaded successfully]
[2025-12-04 15:40:07,369: INFO: common: created directory at: artifacts]
[2025-12-04 15:40:07,370: INFO: common: created directory at: artifacts/data_ingestion]
[2025-12-04 15:40:07,370: INFO: data_ingestion: File already exists of size: ~ 11345 KB]
[2025-12-04 15:40:07,717: INFO: main: >>>>>> Data Ingestion Stage completed <<<<<<

x==========x]
[2025-12-04 16:00:17,012: INFO: common: YAML file config\config.yaml loaded successfully]
[2025-12-04 16:00:17,015: INFO: common: YAML file params.yaml loaded successfully]
[2025-12-04 16:00:17,019: INFO: common: created directory at: artifacts]
[2025-12-04 16:07:04,704: INFO: common: YAML file config\config.yaml loaded successfully]
[2025-12-04 16:07:04,707: INFO: common: YAML file params.yaml loaded successfully]
[2025-12-04 16:07:04,708: INFO: common: created directory at: artifacts]
[2025-12-04 16:07:04,710: INFO: common: created directory at: artifacts/prepare_base_model]
[2025-12-04 16:07:11,747: WARNING: saving_api: You are saving your model as an HDF5 file via `model.save()` or `keras.saving.save_model(model)`. This file format is considered legacy. We recommend using instead the native Keras format, e.g. `model.save('my_model.keras')` or `keras.saving.save_model(model, 'my_model.keras')`. ]
[2025-12-04 16:07:12,045: WARNING: saving_api: You are saving your model as an HDF5 file via `model.save()` or `keras.saving.save_model(model)`. This file format is considered legacy. We recommend using instead the native Keras format, e.g. `model.save('my_model.keras')` or `keras.saving.save_model(model, 'my_model.keras')`. ]
[2025-12-04 16:54:02,371: INFO: main: >>>>>> Data Ingestion Stage started <<<<<<]
[2025-12-04 16:54:02,376: INFO: common: YAML file config\config.yaml loaded successfully]
[2025-12-04 16:54:02,378: INFO: common: YAML file params.yaml loaded successfully]
[2025-12-04 16:54:02,379: INFO: common: created directory at: artifacts]
[2025-12-04 16:54:02,379: INFO: common: created directory at: artifacts/data_ingestion]
[2025-12-04 16:54:02,380: INFO: data_ingestion: File already exists of size: ~ 11345 KB]
[2025-12-04 16:54:02,695: INFO: main: >>>>>> Data Ingestion Stage completed <<<<<<

x==========x]
[2025-12-04 16:54:02,695: INFO: main: >>>>>> Prepare Base Model started <<<<<<]
[2025-12-04 16:54:02,695: INFO: common: YAML file config\config.yaml loaded successfully]
[2025-12-04 16:54:02,695: INFO: common: YAML file params.yaml loaded successfully]
[2025-12-04 16:54:02,695: INFO: common: created directory at: artifacts]
[2025-12-04 16:54:02,699: INFO: common: created directory at: artifacts/prepare_base_model]
[2025-12-04 16:54:03,096: WARNING: saving_api: You are saving your model as an HDF5 file via `model.save()` or `keras.saving.save_model(model)`. This file format is considered legacy. We recommend using instead the native Keras format, e.g. `model.save('my_model.keras')` or `keras.saving.save_model(model, 'my_model.keras')`. ]
[2025-12-04 16:54:03,263: WARNING: saving_api: You are saving your model as an HDF5 file via `model.save()` or `keras.saving.save_model(model)`. This file format is considered legacy. We recommend using instead the native Keras format, e.g. `model.save('my_model.keras')` or `keras.saving.save_model(model, 'my_model.keras')`. ]
[2025-12-04 16:54:03,403: INFO: main: >>>>>> Prepare Base Model completed <<<<<<

x==========x]
[2025-12-04 17:24:41,802: INFO: common: YAML file config\config.yaml loaded successfully]
[2025-12-04 17:24:41,811: INFO: common: YAML file params.yaml loaded successfully]
[2025-12-04 17:24:41,812: INFO: common: created directory at: artifacts]
[2025-12-04 17:30:44,785: INFO: common: YAML file config\config.yaml loaded successfully]
[2025-12-04 17:30:44,788: INFO: common: YAML file params.yaml loaded successfully]
[2025-12-04 17:30:44,790: INFO: common: created directory at: artifacts]
[2025-12-04 17:30:54,826: INFO: common: YAML file config\config.yaml loaded successfully]
[2025-12-04 17:30:54,829: INFO: common: YAML file params.yaml loaded successfully]
[2025-12-04 17:30:54,829: INFO: common: created directory at: artifacts]
[2025-12-04 17:33:23,621: INFO: common: YAML file config\config.yaml loaded successfully]
[2025-12-04 17:33:23,624: INFO: common: YAML file params.yaml loaded successfully]
[2025-12-04 17:33:23,625: INFO: common: created directory at: artifacts]
[2025-12-04 17:33:23,628: INFO: common: created directory at: artifacts\prepare_callbacks\checkpoint_dir]
[2025-12-04 17:33:23,630: INFO: common: created directory at: artifacts\prepare_callbacks\tensorboard_log_dir]
[2025-12-06 12:51:08,115: INFO: common: YAML file config\config.yaml loaded successfully]
[2025-12-06 12:51:08,129: INFO: common: YAML file params.yaml loaded successfully]
[2025-12-06 12:51:08,129: INFO: common: created directory at: artifacts]
[2025-12-06 12:51:08,135: INFO: common: created directory at: artifacts\prepare_callbacks\checkpoint_dir]
[2025-12-06 12:51:08,135: INFO: common: created directory at: artifacts\prepare_callbacks\tensorboard_log_dir]
[2025-12-06 12:51:08,142: INFO: common: created directory at: artifacts\training]
[2025-12-06 12:54:48,474: WARNING: saving_api: You are saving your model as an HDF5 file via `model.save()` or `keras.saving.save_model(model)`. This file format is considered legacy. We recommend using instead the native Keras format, e.g. `model.save('my_model.keras')` or `keras.saving.save_model(model, 'my_model.keras')`. ]
[2025-12-06 12:54:48,654: WARNING: saving_api: You are saving your model as an HDF5 file via `model.save()` or `keras.saving.save_model(model)`. This file format is considered legacy. We recommend using instead the native Keras format, e.g. `model.save('my_model.keras')` or `keras.saving.save_model(model, 'my_model.keras')`. ]
[2025-12-08 14:27:58,245: INFO: main: >>>>>> Data Ingestion Stage started <<<<<<]
[2025-12-08 14:27:58,261: INFO: common: YAML file config\config.yaml loaded successfully]
[2025-12-08 14:27:58,275: INFO: common: YAML file params.yaml loaded successfully]
[2025-12-08 14:27:58,275: INFO: common: created directory at: artifacts]
[2025-12-08 14:27:58,275: INFO: common: created directory at: artifacts/data_ingestion]
[2025-12-08 14:27:58,275: INFO: data_ingestion: File already exists of size: ~ 11345 KB]
[2025-12-08 14:27:58,645: INFO: main: >>>>>> Data Ingestion Stage completed <<<<<<

x==========x]
[2025-12-08 14:27:58,652: INFO: main: >>>>>> Prepare Base Model started <<<<<<]
[2025-12-08 14:27:58,654: INFO: common: YAML file config\config.yaml loaded successfully]
[2025-12-08 14:27:58,655: INFO: common: YAML file params.yaml loaded successfully]
[2025-12-08 14:27:58,655: INFO: common: created directory at: artifacts]
[2025-12-08 14:27:58,655: INFO: common: created directory at: artifacts/prepare_base_model]
[2025-12-08 14:27:59,405: WARNING: saving_api: You are saving your model as an HDF5 file via `model.save()` or `keras.saving.save_model(model)`. This file format is considered legacy. We recommend using instead the native Keras format, e.g. `model.save('my_model.keras')` or `keras.saving.save_model(model, 'my_model.keras')`. ]
[2025-12-08 14:27:59,629: WARNING: saving_api: You are saving your model as an HDF5 file via `model.save()` or `keras.saving.save_model(model)`. This file format is considered legacy. We recommend using instead the native Keras format, e.g. `model.save('my_model.keras')` or `keras.saving.save_model(model, 'my_model.keras')`. ]
[2025-12-08 14:27:59,805: INFO: main: >>>>>> Prepare Base Model completed <<<<<<

x==========x]
[2025-12-19 02:17:44,600: INFO: main: >>>>>> Data Ingestion Stage started <<<<<<]
[2025-12-19 02:17:44,600: INFO: common: YAML file config\config.yaml loaded successfully]
[2025-12-19 02:17:44,600: INFO: common: YAML file params.yaml loaded successfully]
[2025-12-19 02:17:44,600: INFO: common: created directory at: artifacts]
[2025-12-19 02:17:44,624: INFO: common: created directory at: artifacts/data_ingestion]
[2025-12-19 02:17:44,626: INFO: data_ingestion: File already exists of size: ~ 11345 KB]
[2025-12-19 02:17:44,960: INFO: main: >>>>>> Data Ingestion Stage completed <<<<<<

x==========x]
[2025-12-19 02:17:44,960: INFO: main: >>>>>> Prepare Base Model started <<<<<<]
[2025-12-19 02:17:44,960: INFO: common: YAML file config\config.yaml loaded successfully]
[2025-12-19 02:17:44,960: INFO: common: YAML file params.yaml loaded successfully]
[2025-12-19 02:17:44,960: INFO: common: created directory at: artifacts]
[2025-12-19 02:17:44,960: INFO: common: created directory at: artifacts/prepare_base_model]
[2025-12-19 02:17:45,523: WARNING: saving_api: You are saving your model as an HDF5 file via `model.save()` or `keras.saving.save_model(model)`. This file format is considered legacy. We recommend using instead the native Keras format, e.g. `model.save('my_model.keras')` or `keras.saving.save_model(model, 'my_model.keras')`. ]
[2025-12-19 02:17:45,730: WARNING: saving_api: You are saving your model as an HDF5 file via `model.save()` or `keras.saving.save_model(model)`. This file format is considered legacy. We recommend using instead the native Keras format, e.g. `model.save('my_model.keras')` or `keras.saving.save_model(model, 'my_model.keras')`. ]
[2025-12-19 02:17:45,885: INFO: main: >>>>>> Prepare Base Model completed <<<<<<

x==========x]
[2025-12-19 02:17:45,885: INFO: main: >>>>>> Training started <<<<<<]
[2025-12-19 02:17:45,885: INFO: common: YAML file config\config.yaml loaded successfully]
[2025-12-19 02:17:45,885: INFO: common: YAML file params.yaml loaded successfully]
[2025-12-19 02:17:45,885: INFO: common: created directory at: artifacts]
[2025-12-19 02:17:45,885: INFO: common: created directory at: artifacts\prepare_callbacks\checkpoint_dir]
[2025-12-19 02:17:45,892: INFO: common: created directory at: artifacts\prepare_callbacks\tensorboard_log_dir]
[2025-12-19 02:17:45,892: INFO: common: created directory at: artifacts\training]
[2025-12-19 02:17:46,112: WARNING: saving_utils: Compiled the loaded model, but the compiled metrics have yet to be built. `model.compile_metrics` will be empty until you train or evaluate the model.]
[2025-12-19 02:21:53,548: WARNING: saving_api: You are saving your model as an HDF5 file via `model.save()` or `keras.saving.save_model(model)`. This file format is considered legacy. We recommend using instead the native Keras format, e.g. `model.save('my_model.keras')` or `keras.saving.save_model(model, 'my_model.keras')`. ]
[2025-12-19 02:21:53,887: WARNING: saving_api: You are saving your model as an HDF5 file via `model.save()` or `keras.saving.save_model(model)`. This file format is considered legacy. We recommend using instead the native Keras format, e.g. `model.save('my_model.keras')` or `keras.saving.save_model(model, 'my_model.keras')`. ]
[2025-12-19 02:21:54,234: INFO: main: >>>>>> Training completed <<<<<<

x==========x]
[2025-12-19 02:21:54,236: INFO: main: >>>>>> Evaluation started <<<<<<]
[2025-12-19 02:21:54,249: INFO: common: YAML file config\config.yaml loaded successfully]
[2025-12-19 02:21:54,258: INFO: common: YAML file params.yaml loaded successfully]
[2025-12-19 02:21:54,260: INFO: common: created directory at: artifacts]
[2025-12-19 02:21:54,827: WARNING: saving_utils: Compiled the loaded model, but the compiled metrics have yet to be built. `model.compile_metrics` will be empty until you train or evaluate the model.]
[2025-12-19 02:22:13,963: INFO: common: json file saved at: scores.json]
[2025-12-19 02:22:13,963: INFO: main: >>>>>> Evaluation completed <<<<<<

x==========x]
